c:\users\pytto\documents\visual studio 2015\projects\learningnotebook\snippets\debug\vc140.pdb
c:\users\pytto\documents\visual studio 2015\projects\learningnotebook\snippets\debug\vc140.idb
c:\users\pytto\documents\visual studio 2015\projects\learningnotebook\snippets\debug\ercoclock.obj
c:\users\pytto\documents\visual studio 2015\projects\learningnotebook\snippets\debug\threadexperiments.obj
c:\users\pytto\documents\visual studio 2015\projects\learningnotebook\snippets\debug\main.obj
c:\users\pytto\documents\visual studio 2015\projects\learningnotebook\snippets\debug\clock.obj
c:\users\pytto\documents\visual studio 2015\projects\learningnotebook\debug\snippets.ilk
c:\users\pytto\documents\visual studio 2015\projects\learningnotebook\debug\snippets.exe
c:\users\pytto\documents\visual studio 2015\projects\learningnotebook\debug\snippets.pdb
c:\users\pytto\documents\visual studio 2015\projects\learningnotebook\snippets\debug\snippets.tlog\cl.command.1.tlog
c:\users\pytto\documents\visual studio 2015\projects\learningnotebook\snippets\debug\snippets.tlog\cl.read.1.tlog
c:\users\pytto\documents\visual studio 2015\projects\learningnotebook\snippets\debug\snippets.tlog\cl.write.1.tlog
c:\users\pytto\documents\visual studio 2015\projects\learningnotebook\snippets\debug\snippets.tlog\link.10672-cvtres.read.1.tlog
c:\users\pytto\documents\visual studio 2015\projects\learningnotebook\snippets\debug\snippets.tlog\link.10672-cvtres.write.1.tlog
c:\users\pytto\documents\visual studio 2015\projects\learningnotebook\snippets\debug\snippets.tlog\link.10672-rc.read.1.tlog
c:\users\pytto\documents\visual studio 2015\projects\learningnotebook\snippets\debug\snippets.tlog\link.10672-rc.write.1.tlog
c:\users\pytto\documents\visual studio 2015\projects\learningnotebook\snippets\debug\snippets.tlog\link.10672.read.1.tlog
c:\users\pytto\documents\visual studio 2015\projects\learningnotebook\snippets\debug\snippets.tlog\link.10672.write.1.tlog
c:\users\pytto\documents\visual studio 2015\projects\learningnotebook\snippets\debug\snippets.tlog\link.command.1.tlog
c:\users\pytto\documents\visual studio 2015\projects\learningnotebook\snippets\debug\snippets.tlog\link.read.1.tlog
c:\users\pytto\documents\visual studio 2015\projects\learningnotebook\snippets\debug\snippets.tlog\link.write.1.tlog
